Watching for file changes with StatReloader
/home/catel/projects/storefront/playground/views.py changed, reloading.
Watching for file changes with StatReloader
Calling httpbin
Received response from httpbin
/home/catel/projects/storefront/storefront/settings.py changed, reloading.
2026-04-17 14:37:54,900 (INFO) - django.utils.autoreload - Watching for file changes with StatReloader
2026-04-17 14:37:59,789 (INFO) - playground.views - Calling httpbin
2026-04-17 14:38:02,904 (INFO) - playground.views - Received response from httpbin
2026-04-17 14:39:08,746 (INFO) - django.utils.autoreload - /home/catel/projects/storefront/playground/views.py changed, reloading.
2026-04-17 14:39:10,925 (INFO) - django.utils.autoreload - Watching for file changes with StatReloader
2026-04-17 14:39:19,319 (INFO) - playground.views - Calling httpbin
2026-04-17 14:39:22,488 (INFO) - playground.views - Received response from httpbin
2026-04-17 14:47:27,129 (INFO) - django.utils.autoreload - /home/catel/projects/storefront/manage.py changed, reloading.
2026-04-17 14:53:45,946 (INFO) - django.utils.autoreload - Watching for file changes with StatReloader
2026-04-17 14:55:51,567 (INFO) - django.utils.autoreload - /home/catel/projects/storefront/storefront/settings/common.py changed, reloading.
2026-04-17 14:56:00,531 (INFO) - django.utils.autoreload - Watching for file changes with StatReloader
2026-04-17 15:14:32,352 (WARNING) - django.request - Unauthorized: /store/collections/
2026-04-17 15:14:32,492 (WARNING) - django.request - Forbidden: /store/collections/
2026-04-17 15:14:32,635 (WARNING) - django.request - Bad Request: /store/collections/
2026-04-17 15:16:41,639 (INFO) - playground.views - Calling httpbin
2026-04-17 15:16:45,066 (INFO) - playground.views - Received response from httpbin
2026-04-17 15:17:05,143 (WARNING) - django.request - Method Not Allowed: /store/carts/
2026-04-17 15:17:09,230 (WARNING) - django.request - Unauthorized: /store/customers/
2026-04-17 15:17:16,532 (WARNING) - django.request - Unauthorized: /store/orders/
2026-04-17 15:18:05,314 (ERROR) - django.request - Internal Server Error: /admin/login/
Traceback (most recent call last):
  File "/home/catel/projects/storefront/venv/lib/python3.12/site-packages/django/db/backends/utils.py", line 105, in _execute
    return self.cursor.execute(sql, params)
           ^^^^^^^^^^^^^^^^^^^^^^^^^^^^^^^^
  File "/home/catel/projects/storefront/venv/lib/python3.12/site-packages/django/db/backends/mysql/base.py", line 78, in execute
    return self.cursor.execute(query, args)
           ^^^^^^^^^^^^^^^^^^^^^^^^^^^^^^^^
  File "/home/catel/projects/storefront/venv/lib/python3.12/site-packages/MySQLdb/cursors.py", line 179, in execute
    res = self._query(mogrified_query)
          ^^^^^^^^^^^^^^^^^^^^^^^^^^^^
  File "/home/catel/projects/storefront/venv/lib/python3.12/site-packages/MySQLdb/cursors.py", line 330, in _query
    db.query(q)
  File "/home/catel/projects/storefront/venv/lib/python3.12/site-packages/MySQLdb/connections.py", line 286, in query
    _mysql.connection.query(self, query)
MySQLdb.OperationalError: (1054, "Unknown column 'core_user.email' in 'field list'")

The above exception was the direct cause of the following exception:

Traceback (most recent call last):
  File "/home/catel/projects/storefront/venv/lib/python3.12/site-packages/silk/sql.py", line 99, in execute_sql
    return self._execute_sql(*args, **kwargs)
           ^^^^^^^^^^^^^^^^^^^^^^^^^^^^^^^^^^
  File "/home/catel/projects/storefront/venv/lib/python3.12/site-packages/django/db/models/sql/compiler.py", line 1624, in execute_sql
    cursor.execute(sql, params)
  File "/home/catel/projects/storefront/venv/lib/python3.12/site-packages/debug_toolbar/panels/sql/tracking.py", line 243, in execute
    return self._record(super().execute, sql, params)
           ^^^^^^^^^^^^^^^^^^^^^^^^^^^^^^^^^^^^^^^^^^
  File "/home/catel/projects/storefront/venv/lib/python3.12/site-packages/debug_toolbar/panels/sql/tracking.py", line 164, in _record
    return method(sql, params)
           ^^^^^^^^^^^^^^^^^^^
  File "/home/catel/projects/storefront/venv/lib/python3.12/site-packages/django/db/backends/utils.py", line 122, in execute
    return super().execute(sql, params)
           ^^^^^^^^^^^^^^^^^^^^^^^^^^^^
  File "/home/catel/projects/storefront/venv/lib/python3.12/site-packages/django/db/backends/utils.py", line 79, in execute
    return self._execute_with_wrappers(
           ^^^^^^^^^^^^^^^^^^^^^^^^^^^^
  File "/home/catel/projects/storefront/venv/lib/python3.12/site-packages/django/db/backends/utils.py", line 92, in _execute_with_wrappers
    return executor(sql, params, many, context)
           ^^^^^^^^^^^^^^^^^^^^^^^^^^^^^^^^^^^^
  File "/home/catel/projects/storefront/venv/lib/python3.12/site-packages/django/db/backends/utils.py", line 100, in _execute
    with self.db.wrap_database_errors:
  File "/home/catel/projects/storefront/venv/lib/python3.12/site-packages/django/db/utils.py", line 94, in __exit__
    raise dj_exc_value.with_traceback(traceback) from exc_value
  File "/home/catel/projects/storefront/venv/lib/python3.12/site-packages/django/db/backends/utils.py", line 105, in _execute
    return self.cursor.execute(sql, params)
           ^^^^^^^^^^^^^^^^^^^^^^^^^^^^^^^^
  File "/home/catel/projects/storefront/venv/lib/python3.12/site-packages/django/db/backends/mysql/base.py", line 78, in execute
    return self.cursor.execute(query, args)
           ^^^^^^^^^^^^^^^^^^^^^^^^^^^^^^^^
  File "/home/catel/projects/storefront/venv/lib/python3.12/site-packages/MySQLdb/cursors.py", line 179, in execute
    res = self._query(mogrified_query)
          ^^^^^^^^^^^^^^^^^^^^^^^^^^^^
  File "/home/catel/projects/storefront/venv/lib/python3.12/site-packages/MySQLdb/cursors.py", line 330, in _query
    db.query(q)
  File "/home/catel/projects/storefront/venv/lib/python3.12/site-packages/MySQLdb/connections.py", line 286, in query
    _mysql.connection.query(self, query)
django.db.utils.OperationalError: (1054, "Unknown column 'core_user.email' in 'field list'")

During handling of the above exception, another exception occurred:

Traceback (most recent call last):
  File "/home/catel/projects/storefront/venv/lib/python3.12/site-packages/django/db/backends/utils.py", line 105, in _execute
    return self.cursor.execute(sql, params)
           ^^^^^^^^^^^^^^^^^^^^^^^^^^^^^^^^
  File "/home/catel/projects/storefront/venv/lib/python3.12/site-packages/django/db/backends/mysql/base.py", line 78, in execute
    return self.cursor.execute(query, args)
           ^^^^^^^^^^^^^^^^^^^^^^^^^^^^^^^^
  File "/home/catel/projects/storefront/venv/lib/python3.12/site-packages/MySQLdb/cursors.py", line 179, in execute
    res = self._query(mogrified_query)
          ^^^^^^^^^^^^^^^^^^^^^^^^^^^^
  File "/home/catel/projects/storefront/venv/lib/python3.12/site-packages/MySQLdb/cursors.py", line 330, in _query
    db.query(q)
  File "/home/catel/projects/storefront/venv/lib/python3.12/site-packages/MySQLdb/connections.py", line 286, in query
    _mysql.connection.query(self, query)
MySQLdb.OperationalError: (1054, "Unknown column 'core_user.email' in 'field list'")

The above exception was the direct cause of the following exception:

Traceback (most recent call last):
  File "/home/catel/projects/storefront/venv/lib/python3.12/site-packages/django/core/handlers/exception.py", line 55, in inner
    response = get_response(request)
               ^^^^^^^^^^^^^^^^^^^^^
  File "/home/catel/projects/storefront/venv/lib/python3.12/site-packages/django/core/handlers/base.py", line 198, in _get_response
    response = wrapped_callback(request, *callback_args, **callback_kwargs)
               ^^^^^^^^^^^^^^^^^^^^^^^^^^^^^^^^^^^^^^^^^^^^^^^^^^^^^^^^^^^^
  File "/home/catel/projects/storefront/venv/lib/python3.12/site-packages/django/utils/decorators.py", line 48, in _wrapper
    return bound_method(*args, **kwargs)
           ^^^^^^^^^^^^^^^^^^^^^^^^^^^^^
  File "/home/catel/projects/storefront/venv/lib/python3.12/site-packages/django/views/decorators/cache.py", line 80, in _view_wrapper
    response = view_func(request, *args, **kwargs)
               ^^^^^^^^^^^^^^^^^^^^^^^^^^^^^^^^^^^
  File "/home/catel/projects/storefront/venv/lib/python3.12/site-packages/django/contrib/admin/sites.py", line 450, in login
    return LoginView.as_view(**defaults)(request)
           ^^^^^^^^^^^^^^^^^^^^^^^^^^^^^^^^^^^^^^
  File "/home/catel/projects/storefront/venv/lib/python3.12/site-packages/django/views/generic/base.py", line 106, in view
    return self.dispatch(request, *args, **kwargs)
           ^^^^^^^^^^^^^^^^^^^^^^^^^^^^^^^^^^^^^^^
  File "/home/catel/projects/storefront/venv/lib/python3.12/site-packages/django/utils/decorators.py", line 48, in _wrapper
    return bound_method(*args, **kwargs)
           ^^^^^^^^^^^^^^^^^^^^^^^^^^^^^
  File "/home/catel/projects/storefront/venv/lib/python3.12/site-packages/django/views/decorators/debug.py", line 143, in sensitive_post_parameters_wrapper
    return view(request, *args, **kwargs)
           ^^^^^^^^^^^^^^^^^^^^^^^^^^^^^^
  File "/home/catel/projects/storefront/venv/lib/python3.12/site-packages/django/utils/decorators.py", line 192, in _view_wrapper
    result = _process_exception(request, e)
             ^^^^^^^^^^^^^^^^^^^^^^^^^^^^^^
  File "/home/catel/projects/storefront/venv/lib/python3.12/site-packages/django/utils/decorators.py", line 190, in _view_wrapper
    response = view_func(request, *args, **kwargs)
               ^^^^^^^^^^^^^^^^^^^^^^^^^^^^^^^^^^^
  File "/home/catel/projects/storefront/venv/lib/python3.12/site-packages/django/views/decorators/cache.py", line 80, in _view_wrapper
    response = view_func(request, *args, **kwargs)
               ^^^^^^^^^^^^^^^^^^^^^^^^^^^^^^^^^^^
  File "/home/catel/projects/storefront/venv/lib/python3.12/site-packages/django/contrib/auth/views.py", line 89, in dispatch
    return super().dispatch(request, *args, **kwargs)
           ^^^^^^^^^^^^^^^^^^^^^^^^^^^^^^^^^^^^^^^^^^
  File "/home/catel/projects/storefront/venv/lib/python3.12/site-packages/django/views/generic/base.py", line 145, in dispatch
    return handler(request, *args, **kwargs)
           ^^^^^^^^^^^^^^^^^^^^^^^^^^^^^^^^^
  File "/home/catel/projects/storefront/venv/lib/python3.12/site-packages/django/views/generic/edit.py", line 150, in post
    if form.is_valid():
       ^^^^^^^^^^^^^^^
  File "/home/catel/projects/storefront/venv/lib/python3.12/site-packages/django/forms/forms.py", line 206, in is_valid
    return self.is_bound and not self.errors
                                 ^^^^^^^^^^^
  File "/home/catel/projects/storefront/venv/lib/python3.12/site-packages/django/forms/forms.py", line 201, in errors
    self.full_clean()
  File "/home/catel/projects/storefront/venv/lib/python3.12/site-packages/django/forms/forms.py", line 338, in full_clean
    self._clean_form()
  File "/home/catel/projects/storefront/venv/lib/python3.12/site-packages/django/forms/forms.py", line 354, in _clean_form
    cleaned_data = self.clean()
                   ^^^^^^^^^^^^
  File "/home/catel/projects/storefront/venv/lib/python3.12/site-packages/django/views/decorators/debug.py", line 75, in sensitive_variables_wrapper
    return func(*func_args, **func_kwargs)
           ^^^^^^^^^^^^^^^^^^^^^^^^^^^^^^^
  File "/home/catel/projects/storefront/venv/lib/python3.12/site-packages/django/contrib/auth/forms.py", line 349, in clean
    self.user_cache = authenticate(
                      ^^^^^^^^^^^^^
  File "/home/catel/projects/storefront/venv/lib/python3.12/site-packages/django/views/decorators/debug.py", line 75, in sensitive_variables_wrapper
    return func(*func_args, **func_kwargs)
           ^^^^^^^^^^^^^^^^^^^^^^^^^^^^^^^
  File "/home/catel/projects/storefront/venv/lib/python3.12/site-packages/django/contrib/auth/__init__.py", line 114, in authenticate
    user = backend.authenticate(request, **credentials)
           ^^^^^^^^^^^^^^^^^^^^^^^^^^^^^^^^^^^^^^^^^^^^
  File "/home/catel/projects/storefront/venv/lib/python3.12/site-packages/django/contrib/auth/backends.py", line 65, in authenticate
    user = UserModel._default_manager.get_by_natural_key(username)
           ^^^^^^^^^^^^^^^^^^^^^^^^^^^^^^^^^^^^^^^^^^^^^^^^^^^^^^^
  File "/home/catel/projects/storefront/venv/lib/python3.12/site-packages/django/contrib/auth/base_user.py", line 37, in get_by_natural_key
    return self.get(**{self.model.USERNAME_FIELD: username})
           ^^^^^^^^^^^^^^^^^^^^^^^^^^^^^^^^^^^^^^^^^^^^^^^^^
  File "/home/catel/projects/storefront/venv/lib/python3.12/site-packages/django/db/models/manager.py", line 87, in manager_method
    return getattr(self.get_queryset(), name)(*args, **kwargs)
           ^^^^^^^^^^^^^^^^^^^^^^^^^^^^^^^^^^^^^^^^^^^^^^^^^^^
  File "/home/catel/projects/storefront/venv/lib/python3.12/site-packages/django/db/models/query.py", line 635, in get
    num = len(clone)
          ^^^^^^^^^^
  File "/home/catel/projects/storefront/venv/lib/python3.12/site-packages/django/db/models/query.py", line 372, in __len__
    self._fetch_all()
  File "/home/catel/projects/storefront/venv/lib/python3.12/site-packages/django/db/models/query.py", line 2000, in _fetch_all
    self._result_cache = list(self._iterable_class(self))
                         ^^^^^^^^^^^^^^^^^^^^^^^^^^^^^^^^
  File "/home/catel/projects/storefront/venv/lib/python3.12/site-packages/django/db/models/query.py", line 95, in __iter__
    results = compiler.execute_sql(
              ^^^^^^^^^^^^^^^^^^^^^
  File "/home/catel/projects/storefront/venv/lib/python3.12/site-packages/silk/sql.py", line 106, in execute_sql
    query_dict['analysis'] = _explain_query(self.connection, q, params)
                             ^^^^^^^^^^^^^^^^^^^^^^^^^^^^^^^^^^^^^^^^^^
  File "/home/catel/projects/storefront/venv/lib/python3.12/site-packages/silk/sql.py", line 62, in _explain_query
    cur.execute(prefixed_query, params)
  File "/home/catel/projects/storefront/venv/lib/python3.12/site-packages/debug_toolbar/panels/sql/tracking.py", line 243, in execute
    return self._record(super().execute, sql, params)
           ^^^^^^^^^^^^^^^^^^^^^^^^^^^^^^^^^^^^^^^^^^
  File "/home/catel/projects/storefront/venv/lib/python3.12/site-packages/debug_toolbar/panels/sql/tracking.py", line 164, in _record
    return method(sql, params)
           ^^^^^^^^^^^^^^^^^^^
  File "/home/catel/projects/storefront/venv/lib/python3.12/site-packages/django/db/backends/utils.py", line 122, in execute
    return super().execute(sql, params)
           ^^^^^^^^^^^^^^^^^^^^^^^^^^^^
  File "/home/catel/projects/storefront/venv/lib/python3.12/site-packages/django/db/backends/utils.py", line 79, in execute
    return self._execute_with_wrappers(
           ^^^^^^^^^^^^^^^^^^^^^^^^^^^^
  File "/home/catel/projects/storefront/venv/lib/python3.12/site-packages/django/db/backends/utils.py", line 92, in _execute_with_wrappers
    return executor(sql, params, many, context)
           ^^^^^^^^^^^^^^^^^^^^^^^^^^^^^^^^^^^^
  File "/home/catel/projects/storefront/venv/lib/python3.12/site-packages/django/db/backends/utils.py", line 100, in _execute
    with self.db.wrap_database_errors:
  File "/home/catel/projects/storefront/venv/lib/python3.12/site-packages/django/db/utils.py", line 94, in __exit__
    raise dj_exc_value.with_traceback(traceback) from exc_value
  File "/home/catel/projects/storefront/venv/lib/python3.12/site-packages/django/db/backends/utils.py", line 105, in _execute
    return self.cursor.execute(sql, params)
           ^^^^^^^^^^^^^^^^^^^^^^^^^^^^^^^^
  File "/home/catel/projects/storefront/venv/lib/python3.12/site-packages/django/db/backends/mysql/base.py", line 78, in execute
    return self.cursor.execute(query, args)
           ^^^^^^^^^^^^^^^^^^^^^^^^^^^^^^^^
  File "/home/catel/projects/storefront/venv/lib/python3.12/site-packages/MySQLdb/cursors.py", line 179, in execute
    res = self._query(mogrified_query)
          ^^^^^^^^^^^^^^^^^^^^^^^^^^^^
  File "/home/catel/projects/storefront/venv/lib/python3.12/site-packages/MySQLdb/cursors.py", line 330, in _query
    db.query(q)
  File "/home/catel/projects/storefront/venv/lib/python3.12/site-packages/MySQLdb/connections.py", line 286, in query
    _mysql.connection.query(self, query)
django.db.utils.OperationalError: (1054, "Unknown column 'core_user.email' in 'field list'")
2026-04-17 15:18:30,904 (ERROR) - django.request - Internal Server Error: /admin/login/
Traceback (most recent call last):
  File "/home/catel/projects/storefront/venv/lib/python3.12/site-packages/django/db/backends/utils.py", line 105, in _execute
    return self.cursor.execute(sql, params)
           ^^^^^^^^^^^^^^^^^^^^^^^^^^^^^^^^
  File "/home/catel/projects/storefront/venv/lib/python3.12/site-packages/django/db/backends/mysql/base.py", line 78, in execute
    return self.cursor.execute(query, args)
           ^^^^^^^^^^^^^^^^^^^^^^^^^^^^^^^^
  File "/home/catel/projects/storefront/venv/lib/python3.12/site-packages/MySQLdb/cursors.py", line 179, in execute
    res = self._query(mogrified_query)
          ^^^^^^^^^^^^^^^^^^^^^^^^^^^^
  File "/home/catel/projects/storefront/venv/lib/python3.12/site-packages/MySQLdb/cursors.py", line 330, in _query
    db.query(q)
  File "/home/catel/projects/storefront/venv/lib/python3.12/site-packages/MySQLdb/connections.py", line 286, in query
    _mysql.connection.query(self, query)
MySQLdb.OperationalError: (1054, "Unknown column 'core_user.email' in 'field list'")

The above exception was the direct cause of the following exception:

Traceback (most recent call last):
  File "/home/catel/projects/storefront/venv/lib/python3.12/site-packages/silk/sql.py", line 99, in execute_sql
    return self._execute_sql(*args, **kwargs)
           ^^^^^^^^^^^^^^^^^^^^^^^^^^^^^^^^^^
  File "/home/catel/projects/storefront/venv/lib/python3.12/site-packages/django/db/models/sql/compiler.py", line 1624, in execute_sql
    cursor.execute(sql, params)
  File "/home/catel/projects/storefront/venv/lib/python3.12/site-packages/debug_toolbar/panels/sql/tracking.py", line 243, in execute
    return self._record(super().execute, sql, params)
           ^^^^^^^^^^^^^^^^^^^^^^^^^^^^^^^^^^^^^^^^^^
  File "/home/catel/projects/storefront/venv/lib/python3.12/site-packages/debug_toolbar/panels/sql/tracking.py", line 164, in _record
    return method(sql, params)
           ^^^^^^^^^^^^^^^^^^^
  File "/home/catel/projects/storefront/venv/lib/python3.12/site-packages/django/db/backends/utils.py", line 122, in execute
    return super().execute(sql, params)
           ^^^^^^^^^^^^^^^^^^^^^^^^^^^^
  File "/home/catel/projects/storefront/venv/lib/python3.12/site-packages/django/db/backends/utils.py", line 79, in execute
    return self._execute_with_wrappers(
           ^^^^^^^^^^^^^^^^^^^^^^^^^^^^
  File "/home/catel/projects/storefront/venv/lib/python3.12/site-packages/django/db/backends/utils.py", line 92, in _execute_with_wrappers
    return executor(sql, params, many, context)
           ^^^^^^^^^^^^^^^^^^^^^^^^^^^^^^^^^^^^
  File "/home/catel/projects/storefront/venv/lib/python3.12/site-packages/django/db/backends/utils.py", line 100, in _execute
    with self.db.wrap_database_errors:
  File "/home/catel/projects/storefront/venv/lib/python3.12/site-packages/django/db/utils.py", line 94, in __exit__
    raise dj_exc_value.with_traceback(traceback) from exc_value
  File "/home/catel/projects/storefront/venv/lib/python3.12/site-packages/django/db/backends/utils.py", line 105, in _execute
    return self.cursor.execute(sql, params)
           ^^^^^^^^^^^^^^^^^^^^^^^^^^^^^^^^
  File "/home/catel/projects/storefront/venv/lib/python3.12/site-packages/django/db/backends/mysql/base.py", line 78, in execute
    return self.cursor.execute(query, args)
           ^^^^^^^^^^^^^^^^^^^^^^^^^^^^^^^^
  File "/home/catel/projects/storefront/venv/lib/python3.12/site-packages/MySQLdb/cursors.py", line 179, in execute
    res = self._query(mogrified_query)
          ^^^^^^^^^^^^^^^^^^^^^^^^^^^^
  File "/home/catel/projects/storefront/venv/lib/python3.12/site-packages/MySQLdb/cursors.py", line 330, in _query
    db.query(q)
  File "/home/catel/projects/storefront/venv/lib/python3.12/site-packages/MySQLdb/connections.py", line 286, in query
    _mysql.connection.query(self, query)
django.db.utils.OperationalError: (1054, "Unknown column 'core_user.email' in 'field list'")

During handling of the above exception, another exception occurred:

Traceback (most recent call last):
  File "/home/catel/projects/storefront/venv/lib/python3.12/site-packages/django/db/backends/utils.py", line 105, in _execute
    return self.cursor.execute(sql, params)
           ^^^^^^^^^^^^^^^^^^^^^^^^^^^^^^^^
  File "/home/catel/projects/storefront/venv/lib/python3.12/site-packages/django/db/backends/mysql/base.py", line 78, in execute
    return self.cursor.execute(query, args)
           ^^^^^^^^^^^^^^^^^^^^^^^^^^^^^^^^
  File "/home/catel/projects/storefront/venv/lib/python3.12/site-packages/MySQLdb/cursors.py", line 179, in execute
    res = self._query(mogrified_query)
          ^^^^^^^^^^^^^^^^^^^^^^^^^^^^
  File "/home/catel/projects/storefront/venv/lib/python3.12/site-packages/MySQLdb/cursors.py", line 330, in _query
    db.query(q)
  File "/home/catel/projects/storefront/venv/lib/python3.12/site-packages/MySQLdb/connections.py", line 286, in query
    _mysql.connection.query(self, query)
MySQLdb.OperationalError: (1054, "Unknown column 'core_user.email' in 'field list'")

The above exception was the direct cause of the following exception:

Traceback (most recent call last):
  File "/home/catel/projects/storefront/venv/lib/python3.12/site-packages/django/core/handlers/exception.py", line 55, in inner
    response = get_response(request)
               ^^^^^^^^^^^^^^^^^^^^^
  File "/home/catel/projects/storefront/venv/lib/python3.12/site-packages/django/core/handlers/base.py", line 198, in _get_response
    response = wrapped_callback(request, *callback_args, **callback_kwargs)
               ^^^^^^^^^^^^^^^^^^^^^^^^^^^^^^^^^^^^^^^^^^^^^^^^^^^^^^^^^^^^
  File "/home/catel/projects/storefront/venv/lib/python3.12/site-packages/django/utils/decorators.py", line 48, in _wrapper
    return bound_method(*args, **kwargs)
           ^^^^^^^^^^^^^^^^^^^^^^^^^^^^^
  File "/home/catel/projects/storefront/venv/lib/python3.12/site-packages/django/views/decorators/cache.py", line 80, in _view_wrapper
    response = view_func(request, *args, **kwargs)
               ^^^^^^^^^^^^^^^^^^^^^^^^^^^^^^^^^^^
  File "/home/catel/projects/storefront/venv/lib/python3.12/site-packages/django/contrib/admin/sites.py", line 450, in login
    return LoginView.as_view(**defaults)(request)
           ^^^^^^^^^^^^^^^^^^^^^^^^^^^^^^^^^^^^^^
  File "/home/catel/projects/storefront/venv/lib/python3.12/site-packages/django/views/generic/base.py", line 106, in view
    return self.dispatch(request, *args, **kwargs)
           ^^^^^^^^^^^^^^^^^^^^^^^^^^^^^^^^^^^^^^^
  File "/home/catel/projects/storefront/venv/lib/python3.12/site-packages/django/utils/decorators.py", line 48, in _wrapper
    return bound_method(*args, **kwargs)
           ^^^^^^^^^^^^^^^^^^^^^^^^^^^^^
  File "/home/catel/projects/storefront/venv/lib/python3.12/site-packages/django/views/decorators/debug.py", line 143, in sensitive_post_parameters_wrapper
    return view(request, *args, **kwargs)
           ^^^^^^^^^^^^^^^^^^^^^^^^^^^^^^
  File "/home/catel/projects/storefront/venv/lib/python3.12/site-packages/django/utils/decorators.py", line 192, in _view_wrapper
    result = _process_exception(request, e)
             ^^^^^^^^^^^^^^^^^^^^^^^^^^^^^^
  File "/home/catel/projects/storefront/venv/lib/python3.12/site-packages/django/utils/decorators.py", line 190, in _view_wrapper
    response = view_func(request, *args, **kwargs)
               ^^^^^^^^^^^^^^^^^^^^^^^^^^^^^^^^^^^
  File "/home/catel/projects/storefront/venv/lib/python3.12/site-packages/django/views/decorators/cache.py", line 80, in _view_wrapper
    response = view_func(request, *args, **kwargs)
               ^^^^^^^^^^^^^^^^^^^^^^^^^^^^^^^^^^^
  File "/home/catel/projects/storefront/venv/lib/python3.12/site-packages/django/contrib/auth/views.py", line 89, in dispatch
    return super().dispatch(request, *args, **kwargs)
           ^^^^^^^^^^^^^^^^^^^^^^^^^^^^^^^^^^^^^^^^^^
  File "/home/catel/projects/storefront/venv/lib/python3.12/site-packages/django/views/generic/base.py", line 145, in dispatch
    return handler(request, *args, **kwargs)
           ^^^^^^^^^^^^^^^^^^^^^^^^^^^^^^^^^
  File "/home/catel/projects/storefront/venv/lib/python3.12/site-packages/django/views/generic/edit.py", line 150, in post
    if form.is_valid():
       ^^^^^^^^^^^^^^^
  File "/home/catel/projects/storefront/venv/lib/python3.12/site-packages/django/forms/forms.py", line 206, in is_valid
    return self.is_bound and not self.errors
                                 ^^^^^^^^^^^
  File "/home/catel/projects/storefront/venv/lib/python3.12/site-packages/django/forms/forms.py", line 201, in errors
    self.full_clean()
  File "/home/catel/projects/storefront/venv/lib/python3.12/site-packages/django/forms/forms.py", line 338, in full_clean
    self._clean_form()
  File "/home/catel/projects/storefront/venv/lib/python3.12/site-packages/django/forms/forms.py", line 354, in _clean_form
    cleaned_data = self.clean()
                   ^^^^^^^^^^^^
  File "/home/catel/projects/storefront/venv/lib/python3.12/site-packages/django/views/decorators/debug.py", line 75, in sensitive_variables_wrapper
    return func(*func_args, **func_kwargs)
           ^^^^^^^^^^^^^^^^^^^^^^^^^^^^^^^
  File "/home/catel/projects/storefront/venv/lib/python3.12/site-packages/django/contrib/auth/forms.py", line 349, in clean
    self.user_cache = authenticate(
                      ^^^^^^^^^^^^^
  File "/home/catel/projects/storefront/venv/lib/python3.12/site-packages/django/views/decorators/debug.py", line 75, in sensitive_variables_wrapper
    return func(*func_args, **func_kwargs)
           ^^^^^^^^^^^^^^^^^^^^^^^^^^^^^^^
  File "/home/catel/projects/storefront/venv/lib/python3.12/site-packages/django/contrib/auth/__init__.py", line 114, in authenticate
    user = backend.authenticate(request, **credentials)
           ^^^^^^^^^^^^^^^^^^^^^^^^^^^^^^^^^^^^^^^^^^^^
  File "/home/catel/projects/storefront/venv/lib/python3.12/site-packages/django/contrib/auth/backends.py", line 65, in authenticate
    user = UserModel._default_manager.get_by_natural_key(username)
           ^^^^^^^^^^^^^^^^^^^^^^^^^^^^^^^^^^^^^^^^^^^^^^^^^^^^^^^
  File "/home/catel/projects/storefront/venv/lib/python3.12/site-packages/django/contrib/auth/base_user.py", line 37, in get_by_natural_key
    return self.get(**{self.model.USERNAME_FIELD: username})
           ^^^^^^^^^^^^^^^^^^^^^^^^^^^^^^^^^^^^^^^^^^^^^^^^^
  File "/home/catel/projects/storefront/venv/lib/python3.12/site-packages/django/db/models/manager.py", line 87, in manager_method
    return getattr(self.get_queryset(), name)(*args, **kwargs)
           ^^^^^^^^^^^^^^^^^^^^^^^^^^^^^^^^^^^^^^^^^^^^^^^^^^^
  File "/home/catel/projects/storefront/venv/lib/python3.12/site-packages/django/db/models/query.py", line 635, in get
    num = len(clone)
          ^^^^^^^^^^
  File "/home/catel/projects/storefront/venv/lib/python3.12/site-packages/django/db/models/query.py", line 372, in __len__
    self._fetch_all()
  File "/home/catel/projects/storefront/venv/lib/python3.12/site-packages/django/db/models/query.py", line 2000, in _fetch_all
    self._result_cache = list(self._iterable_class(self))
                         ^^^^^^^^^^^^^^^^^^^^^^^^^^^^^^^^
  File "/home/catel/projects/storefront/venv/lib/python3.12/site-packages/django/db/models/query.py", line 95, in __iter__
    results = compiler.execute_sql(
              ^^^^^^^^^^^^^^^^^^^^^
  File "/home/catel/projects/storefront/venv/lib/python3.12/site-packages/silk/sql.py", line 106, in execute_sql
    query_dict['analysis'] = _explain_query(self.connection, q, params)
                             ^^^^^^^^^^^^^^^^^^^^^^^^^^^^^^^^^^^^^^^^^^
  File "/home/catel/projects/storefront/venv/lib/python3.12/site-packages/silk/sql.py", line 62, in _explain_query
    cur.execute(prefixed_query, params)
  File "/home/catel/projects/storefront/venv/lib/python3.12/site-packages/debug_toolbar/panels/sql/tracking.py", line 243, in execute
    return self._record(super().execute, sql, params)
           ^^^^^^^^^^^^^^^^^^^^^^^^^^^^^^^^^^^^^^^^^^
  File "/home/catel/projects/storefront/venv/lib/python3.12/site-packages/debug_toolbar/panels/sql/tracking.py", line 164, in _record
    return method(sql, params)
           ^^^^^^^^^^^^^^^^^^^
  File "/home/catel/projects/storefront/venv/lib/python3.12/site-packages/django/db/backends/utils.py", line 122, in execute
    return super().execute(sql, params)
           ^^^^^^^^^^^^^^^^^^^^^^^^^^^^
  File "/home/catel/projects/storefront/venv/lib/python3.12/site-packages/django/db/backends/utils.py", line 79, in execute
    return self._execute_with_wrappers(
           ^^^^^^^^^^^^^^^^^^^^^^^^^^^^
  File "/home/catel/projects/storefront/venv/lib/python3.12/site-packages/django/db/backends/utils.py", line 92, in _execute_with_wrappers
    return executor(sql, params, many, context)
           ^^^^^^^^^^^^^^^^^^^^^^^^^^^^^^^^^^^^
  File "/home/catel/projects/storefront/venv/lib/python3.12/site-packages/django/db/backends/utils.py", line 100, in _execute
    with self.db.wrap_database_errors:
  File "/home/catel/projects/storefront/venv/lib/python3.12/site-packages/django/db/utils.py", line 94, in __exit__
    raise dj_exc_value.with_traceback(traceback) from exc_value
  File "/home/catel/projects/storefront/venv/lib/python3.12/site-packages/django/db/backends/utils.py", line 105, in _execute
    return self.cursor.execute(sql, params)
           ^^^^^^^^^^^^^^^^^^^^^^^^^^^^^^^^
  File "/home/catel/projects/storefront/venv/lib/python3.12/site-packages/django/db/backends/mysql/base.py", line 78, in execute
    return self.cursor.execute(query, args)
           ^^^^^^^^^^^^^^^^^^^^^^^^^^^^^^^^
  File "/home/catel/projects/storefront/venv/lib/python3.12/site-packages/MySQLdb/cursors.py", line 179, in execute
    res = self._query(mogrified_query)
          ^^^^^^^^^^^^^^^^^^^^^^^^^^^^
  File "/home/catel/projects/storefront/venv/lib/python3.12/site-packages/MySQLdb/cursors.py", line 330, in _query
    db.query(q)
  File "/home/catel/projects/storefront/venv/lib/python3.12/site-packages/MySQLdb/connections.py", line 286, in query
    _mysql.connection.query(self, query)
django.db.utils.OperationalError: (1054, "Unknown column 'core_user.email' in 'field list'")
2026-04-17 15:19:41,904 (WARNING) - django.request - Unauthorized: /store/customers/
2026-04-20 10:23:29,039 (WARNING) - silk.profiling.profiler - Cannot execute silk_profile as silk is not installed correctly.
2026-04-20 10:33:41,941 (WARNING) - silk.profiling.profiler - Cannot execute silk_profile as silk is not installed correctly.
2026-04-20 10:34:13,070 (WARNING) - silk.profiling.profiler - Cannot execute silk_profile as silk is not installed correctly.
2026-04-20 10:34:33,810 (WARNING) - silk.profiling.profiler - Cannot execute silk_profile as silk is not installed correctly.
2026-04-20 10:34:55,773 (WARNING) - silk.profiling.profiler - Cannot execute silk_profile as silk is not installed correctly.
2026-04-20 10:40:16,229 (WARNING) - silk.profiling.profiler - Cannot execute silk_profile as silk is not installed correctly.
2026-04-20 10:40:43,242 (WARNING) - silk.profiling.profiler - Cannot execute silk_profile as silk is not installed correctly.
2026-04-20 11:04:43,622 (INFO) - django.utils.autoreload - Watching for file changes with StatReloader
2026-04-20 11:04:43,980 (WARNING) - silk.profiling.profiler - Cannot execute silk_profile as silk is not installed correctly.
2026-04-20 11:04:54,968 (WARNING) - django.request - Not Found: /favicon.ico
